[backblue.gif]
[fade.gif]
[index.html]
[www.premioartecultura.it/img/00000001_r1_c1.jpg]
[www.premioartecultura.it/img/00000001_r1_c3.jpg]
[www.premioartecultura.it/img/hp_bagnaia_r1_c4.jpg]
[www.premioartecultura.it/img/presentazione.jpg]
[www.premioartecultura.it/img/edizione2004.jpg]
[www.premioartecultura.it/img/edizione2005.jpg]
[www.premioartecultura.it/img/edizione2006.jpg]
[www.premioartecultura.it/img/edizione2007.jpg]
[www.premioartecultura.it/img/edizione2008.jpg]
[www.premioartecultura.it/img/edizione2009s.jpg]
[www.premioartecultura.it/img/contatti_r8_c4.jpg]
[www.premioartecultura.it/img/contatti_r9_c4.jpg]
[www.premioartecultura.it/img/hp_bagnaia_r17_c4.jpg]
[www.premioartecultura.it/img/hp_bagnaia_r19_c4.jpg]
[www.premioartecultura.it/img/hp_bagnaia_r20_c4.jpg]
[www.premioartecultura.it/img/2011.jpg]
[www.premioartecultura.it/img/hp_bagnaia_r4_c5.gif]
[www.premioartecultura.it/img/hp_bagnaia_r6_c5.gif]
[www.premioartecultura.it/img/comitato.gif]
[www.premioartecultura.it/img/messaggi.gif]
[www.premioartecultura.it/img/hp_bagnaia_r17_c5.gif]
[www.premioartecultura.it/img/hp_bagnaia_r15_c5.gif]
[www.premioartecultura.it/img/hp_bagnaia_r12_c5.gif]
[www.premioartecultura.it/img/hp_2011.jpg]
[www.premioartecultura.it/img/hp_bagnaia_r23_c6.gif]
[www.premioartecultura.it/img/hp_bagnaia_r24_c6.gif]
[www.premioartecultura.it/index.html]
[www.premioartecultura.it/index-2.html]
[www.premioartecultura.it/img/hp_bagnaia_r29_c4.gif]
[www.premioartecultura.it/img/presentaziones.jpg]
[www.premioartecultura.it/img/edizione2009.jpg]
[www.premioartecultura.it/img/hp_r2_c5_03.jpg]
[www.premioartecultura.it/img/patr03.gif]
[www.premioartecultura.it/img/premio.gif]
[www.premioartecultura.it/img/hp_bagnaia_r10_c5.gif]
[www.premioartecultura.it/img/premio03.jpg]
[www.premioartecultura.it/index03.html]
[www.premioartecultura.it/img/edizione2004s.jpg]
[www.premioartecultura.it/img/2004.jpg]
[www.premioartecultura.it/img/hp_bagnaia_r8_c5.gif]
[www.premioartecultura.it/img/hp_bagnaia_r13_c5.gif]
[www.premioartecultura.it/img/premio2004.jpg]
[www.premioartecultura.it/index04.html]
[www.premioartecultura.it/img/edizione2005s.jpg]
[www.premioartecultura.it/img/2005.jpg]
[www.premioartecultura.it/img/premio2005.jpg]
[www.premioartecultura.it/index05.html]
[www.premioartecultura.it/img/edizione2006s.jpg]
[www.premioartecultura.it/img/hp_bagnaia_r2_c5.jpg]
[www.premioartecultura.it/img/hp_bagnaia_r16_c5.gif]
[www.premioartecultura.it/img/hp_bagnaia_r21_c5.gif]
[www.premioartecultura.it/img/hp_bagnaia_r25_c5.jpg]
[www.premioartecultura.it/img/home2006.jpg]
[www.premioartecultura.it/index06.html]
[www.premioartecultura.it/img/edizione2007s.jpg]
[www.premioartecultura.it/img/2007.jpg]
[www.premioartecultura.it/img/autore_2007.gif]
[www.premioartecultura.it/img/premio2007.jpg]
[www.premioartecultura.it/img/win_2007.jpg]
[www.premioartecultura.it/index07.html]
[www.premioartecultura.it/img/edizione2008s.jpg]
[www.premioartecultura.it/img/2008.jpg]
[www.premioartecultura.it/img/hp_r2_c6_2008.jpg]
[www.premioartecultura.it/index08.html]
[www.premioartecultura.it/img/2009.jpg]
[www.premioartecultura.it/img/autore2009.gif]
[www.premioartecultura.it/img/premio2009.jpg]
[www.premioartecultura.it/img/vincitore9.jpg]
[www.premioartecultura.it/index09.html]
[www.premioartecultura.it/biografiamonti.html]
[www.premioartecultura.it/img/monti.jpg]
[www.premioartecultura.it/img/posizione_r2_c5.gif]
[www.premioartecultura.it/posizione.html]
[www.premioartecultura.it/img/posizione_r14_c5.jpg]
[www.premioartecultura.it/img/contatti.jpg]
[www.premioartecultura.it/contatti.html]
[www.premioartecultura.it/presentazione11.html]
[www.premioartecultura.it/img/pres.jpg]
[www.premioartecultura.it/regolamento11.html]
[www.premioartecultura.it/img/regolamento.jpg]
[www.premioartecultura.it/img/comitato.jpg]
[www.premioartecultura.it/comitato11.html]
[www.premioartecultura.it/img/messaggi.jpg]
[www.premioartecultura.it/img/Messaggi-Premio-20110.gif]
[www.premioartecultura.it/img/Messaggi-Premio-20111.jpg]
[www.premioartecultura.it/img/Messaggi-Premio-20112.jpg]
[www.premioartecultura.it/img/Messaggi-Premio-20113.jpg]
[www.premioartecultura.it/img/Messaggi-Premio-20114.jpg]
[www.premioartecultura.it/img/Messaggi-Premio-20115.jpg]
[www.premioartecultura.it/img/Messaggi-Premio-20116.jpg]
[www.premioartecultura.it/img/Messaggi-Premio-20117.jpg]
[www.premioartecultura.it/img/Messaggi-Premio-20118.jpg]
[www.premioartecultura.it/messaggi11.html]
[www.premioartecultura.it/img/patronato.jpg]
[www.premioartecultura.it/patrocini11.html]
[www.premioartecultura.it/img/vincitore.jpg]
[www.premioartecultura.it/vincitore11.html]
[www.premioartecultura.it/img/premi.jpg]
[www.premioartecultura.it/premio09.html]
[www.premioartecultura.it/img/215802-fulci.jpg]
[www.premioartecultura.it/galley11_c.html]
[www.premioartecultura.it/gallery11_c.swf]
[www.premioartecultura.it/img/biografia.jpg]
[www.premioartecultura.it/biografia_premio09.html]
[www.premioartecultura.it/comitato03.html]
[www.premioartecultura.it/img/Adami_Mosca.jpg]
[www.premioartecultura.it/patrocini03.html]
[www.premioartecultura.it/premio03.html]
[www.premioartecultura.it/premi03.html]
[www.premioartecultura.it/img/second_r4_c5_03.gif]
[www.premioartecultura.it/gallery03_c.swf]
[www.premioartecultura.it/galley03_c.html]
[www.premioartecultura.it/galley03.html]
[www.premioartecultura.it/presentazione04.html]
[www.premioartecultura.it/gallery03.swf]
[www.premioartecultura.it/img/hp_bagnaia_r2_c4.jpg]
[www.premioartecultura.it/img/hp_bagnaia_r3_c4.jpg]
[www.premioartecultura.it/img/ed2004.jpg]
[www.premioartecultura.it/img/hp_bagnaia_r7_c4.jpg]
[www.premioartecultura.it/img/2006.jpg]
[www.premioartecultura.it/img/ed_2007.jpg]
[www.premioartecultura.it/img/hp_bagnaia_r11_c4.jpg]
[www.premioartecultura.it/regolamento04.html]
[www.premioartecultura.it/img/giuria.jpg]
[www.premioartecultura.it/giuria04.html]
[www.premioartecultura.it/comitato04.html]
[www.premioartecultura.it/patrocini04.html]
[www.premioartecultura.it/img/vincitore04.jpg]
[www.premioartecultura.it/vincitore04.html]
[www.premioartecultura.it/img/vincitore04_02.jpg]
[www.premioartecultura.it/img/premio2004_autore01.jpg]
[www.premioartecultura.it/premi04.html]
[www.premioartecultura.it/img/premio2004_autore02.jpg]
[www.premioartecultura.it/galley04_c.html]
[www.premioartecultura.it/gallery04_c.swf]
[www.premioartecultura.it/galley04.html]
[www.premioartecultura.it/presentazione05.html]
[www.premioartecultura.it/regolamento05.html]
[www.premioartecultura.it/giuria05.html]
[www.premioartecultura.it/comitato05.html]
[www.premioartecultura.it/gallery04.swf]
[www.premioartecultura.it/img/hp_bagnaia_r5_c4.jpg]
[www.premioartecultura.it/img/ed2005.jpg]
[www.premioartecultura.it/patrocini05.html]
[www.premioartecultura.it/img/hp_bagnaia_r25_c4.gif]
[www.premioartecultura.it/img/mariomonti.jpg]
[www.premioartecultura.it/vincitore05.html]
[www.premioartecultura.it/img/cascella.jpg]
[www.premioartecultura.it/premi05.html]
[www.premioartecultura.it/galley05.html]
[www.premioartecultura.it/presentazione06.html]
[www.premioartecultura.it/regolamento06.html]
[www.premioartecultura.it/giuria06.html]
[www.premioartecultura.it/gallery05.swf]
[www.premioartecultura.it/comitato06.html]
[www.premioartecultura.it/patronato06.html]
[www.premioartecultura.it/img/hp_bagnaia_r9_c4.jpg]
[www.premioartecultura.it/img/hp_bagnaia_r18_c5.gif]
[www.premioartecultura.it/img/candidati.jpg]
[www.premioartecultura.it/img/mariapiafanfani.jpg]
[www.premioartecultura.it/img/scottneeson.jpg]
[www.premioartecultura.it/img/sugatamitra.jpg]
[www.premioartecultura.it/candidati06.html]
[www.premioartecultura.it/img/vincitore06.jpg]
[www.premioartecultura.it/vincitore06.html]
[www.premioartecultura.it/img/premio.jpg]
[www.premioartecultura.it/premio06.html]
[www.premioartecultura.it/galley06_c.html]
[www.premioartecultura.it/gallery06_c.swf]
[www.premioartecultura.it/galley06.html]
[www.premioartecultura.it/gallery06.swf]
[www.premioartecultura.it/img/nall.jpg]
[www.premioartecultura.it/biografia05.html]
[www.premioartecultura.it/img/nall02.jpg]
[www.premioartecultura.it/presentazione07.html]
[www.premioartecultura.it/regolamento07.html]
[www.premioartecultura.it/giuria07.html]
[www.premioartecultura.it/comitato07.html]
[www.premioartecultura.it/patronato07.html]
[www.premioartecultura.it/img/ed_2007s.jpg]
[www.premioartecultura.it/img/sylvie02.jpg]
[www.premioartecultura.it/img/lilligruber.jpg]
[www.premioartecultura.it/img/karenelliot.jpg]
[www.premioartecultura.it/candidati07.html]
[www.premioartecultura.it/img/win_2007_02.jpg]
[www.premioartecultura.it/img/melandri_riffeser.jpg]
[www.premioartecultura.it/vincitore07.html]
[www.premioartecultura.it/premio07.html]
[www.premioartecultura.it/biografia_premio07.html]
[www.premioartecultura.it/presentazione08.html]
[www.premioartecultura.it/regolamento08.html]
[www.premioartecultura.it/giuria08.html]
[www.premioartecultura.it/comitato08.html]
[www.premioartecultura.it/patronato08.html]
[www.premioartecultura.it/candidati08.html]
[www.premioartecultura.it/vincitore08.html]
[www.premioartecultura.it/img/premio2007hr.jpg]
[www.premioartecultura.it/gallery08_c.html]
[www.premioartecultura.it/img/cerimonia.jpg]
[www.premioartecultura.it/img/ospiti.jpg]
[www.premioartecultura.it/img/ospiti_08.jpg]
[www.premioartecultura.it/gallery08.html]
[www.premioartecultura.it/presentazione09.html]
[www.premioartecultura.it/regolamento09.html]
[www.premioartecultura.it/comitato09.html]
[www.premioartecultura.it/img/Napolitano2.jpg]
[www.premioartecultura.it/img/Schifani.jpg]
[www.premioartecultura.it/img/Fini.jpg]
[www.premioartecultura.it/img/Berlusconi.jpg]
[www.premioartecultura.it/img/Meloni1.jpg]
[www.premioartecultura.it/img/Bondi.jpg]
[www.premioartecultura.it/img/Frattini2.jpg]
[www.premioartecultura.it/img/Meloni2.jpg]
[www.premioartecultura.it/img/Napolitano.jpg]
[www.premioartecultura.it/img/Ronchi.jpg]
[www.premioartecultura.it/img/Sacconi.jpg]
[www.premioartecultura.it/img/Scajola.jpg]
[www.premioartecultura.it/messaggi09.html]
[www.premioartecultura.it/patrocini09.html]
[www.premioartecultura.it/stile.css]
[www.premioartecultura.it/img/patronato_patrocini.html]
[www.premioartecultura.it/biografia04.html]
[www.premioartecultura.it/img/mariapiafanfani02.jpg]
[www.premioartecultura.it/biografia01.html]
[www.premioartecultura.it/img/scottneeson02.jpg]
[www.premioartecultura.it/biografia02.html]
[www.premioartecultura.it/biografia03.html]
[www.premioartecultura.it/vincitore06_02.html]
[www.premioartecultura.it/vincitore06_03.html]
[www.premioartecultura.it/vincitore06_04.html]
[www.premioartecultura.it/img/sugatamitra02.jpg]
[www.premioartecultura.it/img/sylvie.jpg]
[www.premioartecultura.it/biografia06.html]
[www.premioartecultura.it/biografia07.html]
[www.premioartecultura.it/biografia08.html]
[www.premioartecultura.it/img/lilligruber02.jpg]
[www.premioartecultura.it/img/riffeser.jpg]
[www.premioartecultura.it/vincitore07_02.html]
[www.premioartecultura.it/vincitore07_01.html]
[www.premioartecultura.it/vincitore07_03.html]
[www.premioartecultura.it/img/elkann.jpg]
[www.premioartecultura.it/vincitore07_04.html]
[www.premioartecultura.it/vincitore07_05.html]
[www.premioartecultura.it/img/baglioni.jpg]
